#
# There is insufficient memory for the Java Runtime Environment to continue.
# Native memory allocation (mmap) failed to map 65536 bytes for Failed to commit metaspace.
# Possible reasons:
#   The system is out of physical RAM or swap space
#   The process is running with CompressedOops enabled, and the Java Heap may be blocking the growth of the native heap
# Possible solutions:
#   Reduce memory load on the system
#   Increase physical memory or swap space
#   Check if swap backing store is full
#   Decrease Java heap size (-Xmx/-Xms)
#   Decrease number of Java threads
#   Decrease Java thread stack sizes (-Xss)
#   Set larger code cache with -XX:ReservedCodeCacheSize=
#   JVM is running with Zero Based Compressed Oops mode in which the Java heap is
#     placed in the first 32GB address space. The Java Heap base address is the
#     maximum limit for the native heap growth. Please use -XX:HeapBaseMinAddress
#     to set the Java Heap base and to place the Java Heap above 32GB virtual address.
# This output file may be truncated or incomplete.
#
#  Out of Memory Error (virtualSpaceNode.cpp:110), pid=2364, tid=14072
#
# JRE version: Java(TM) SE Runtime Environment (17.0.5+9) (build 17.0.5+9-LTS-191)
# Java VM: Java HotSpot(TM) 64-Bit Server VM (17.0.5+9-LTS-191, mixed mode, emulated-client, sharing, tiered, compressed oops, compressed class ptrs, g1 gc, windows-amd64)
# No core dump will be written. Minidumps are not enabled by default on client versions of Windows
#

---------------  S U M M A R Y ------------

Command Line: -XX:TieredStopAtLevel=1 -Dspring.output.ansi.enabled=always -Dcom.sun.management.jmxremote -Dspring.jmx.enabled=true -Dspring.liveBeansView.mbeanDomain -Dspring.application.admin.enabled=true -Dmanagement.endpoints.jmx.exposure.include=* -javaagent:C:\Program Files\JetBrains\IntelliJ IDEA 2022.3.1\lib\idea_rt.jar=49368:C:\Program Files\JetBrains\IntelliJ IDEA 2022.3.1\bin -Dfile.encoding=UTF-8 me.ez7mz.atl5jee.Atl5JeeApplication

Host: AMD Ryzen 5 3550H with Radeon Vega Mobile Gfx  , 8 cores, 15G,  Windows 10 , 64 bit Build 19041 (10.0.19041.2546)
Time: Mon Apr 10 21:03:10 2023 Maroc elapsed time: 1.845946 seconds (0d 0h 0m 1s)

---------------  T H R E A D  ---------------

Current thread (0x00000185a7433600):  JavaThread "main" [_thread_in_vm, id=14072, stack(0x00000034a7e00000,0x00000034a7f00000)]

Stack: [0x00000034a7e00000,0x00000034a7f00000]
Native frames: (J=compiled Java code, j=interpreted, Vv=VM code, C=native code)
V  [jvm.dll+0x672eea]
V  [jvm.dll+0x7d2a04]
V  [jvm.dll+0x7d41ae]
V  [jvm.dll+0x7d4813]
V  [jvm.dll+0x242c15]
V  [jvm.dll+0x7ce9ab]
V  [jvm.dll+0x618bb6]
V  [jvm.dll+0x1be37e]
V  [jvm.dll+0x61b4f1]
V  [jvm.dll+0x619556]
V  [jvm.dll+0x2386d6]
V  [jvm.dll+0x1e885d]
V  [jvm.dll+0x1de2a1]
V  [jvm.dll+0x5393e0]
V  [jvm.dll+0x74d4f8]
V  [jvm.dll+0x74d5e4]
V  [jvm.dll+0x408fe5]
V  [jvm.dll+0x40f038]
C  [java.dll+0x17ec]

Java frames: (J=compiled Java code, j=interpreted, Vv=VM code)
J 1086  java.lang.ClassLoader.defineClass1(Ljava/lang/ClassLoader;Ljava/lang/String;[BIILjava/security/ProtectionDomain;Ljava/lang/String;)Ljava/lang/Class; java.base@17.0.5 (0 bytes) @ 0x00000185af052863 [0x00000185af0527a0+0x00000000000000c3]
J 1181 c1 java.lang.ClassLoader.defineClass(Ljava/lang/String;[BIILjava/security/ProtectionDomain;)Ljava/lang/Class; java.base@17.0.5 (43 bytes) @ 0x00000185af076a6c [0x00000185af076960+0x000000000000010c]
J 1098 c1 jdk.internal.loader.BuiltinClassLoader.defineClass(Ljava/lang/String;Ljdk/internal/loader/Resource;)Ljava/lang/Class; java.base@17.0.5 (121 bytes) @ 0x00000185af05af74 [0x00000185af05aaa0+0x00000000000004d4]
J 1087 c1 jdk.internal.loader.BuiltinClassLoader.findClassOnClassPathOrNull(Ljava/lang/String;)Ljava/lang/Class; java.base@17.0.5 (64 bytes) @ 0x00000185af053044 [0x00000185af052d80+0x00000000000002c4]
J 894 c1 jdk.internal.loader.BuiltinClassLoader.loadClassOrNull(Ljava/lang/String;Z)Ljava/lang/Class; java.base@17.0.5 (143 bytes) @ 0x00000185aeffb904 [0x00000185aeffb480+0x0000000000000484]
J 991 c1 jdk.internal.loader.ClassLoaders$AppClassLoader.loadClass(Ljava/lang/String;Z)Ljava/lang/Class; java.base@17.0.5 (40 bytes) @ 0x00000185af02cfac [0x00000185af02ce60+0x000000000000014c]
J 990 c1 java.lang.ClassLoader.loadClass(Ljava/lang/String;)Ljava/lang/Class; java.base@17.0.5 (7 bytes) @ 0x00000185af02c3e4 [0x00000185af02c3a0+0x0000000000000044]
v  ~StubRoutines::call_stub
J 908  java.lang.Class.forName0(Ljava/lang/String;ZLjava/lang/ClassLoader;Ljava/lang/Class;)Ljava/lang/Class; java.base@17.0.5 (0 bytes) @ 0x00000185af003aaf [0x00000185af003a20+0x000000000000008f]
J 909 c1 java.lang.Class.forName(Ljava/lang/String;ZLjava/lang/ClassLoader;)Ljava/lang/Class; java.base@17.0.5 (47 bytes) @ 0x00000185af00403c [0x00000185af003f40+0x00000000000000fc]
j  org.springframework.util.ClassUtils.forName(Ljava/lang/String;Ljava/lang/ClassLoader;)Ljava/lang/Class;+176
j  org.springframework.beans.factory.support.AbstractBeanDefinition.resolveBeanClass(Ljava/lang/ClassLoader;)Ljava/lang/Class;+13
j  org.springframework.beans.factory.support.AbstractBeanFactory.doResolveBeanClass(Lorg/springframework/beans/factory/support/RootBeanDefinition;[Ljava/lang/Class;)Ljava/lang/Class;+242
j  org.springframework.beans.factory.support.AbstractBeanFactory.resolveBeanClass(Lorg/springframework/beans/factory/support/RootBeanDefinition;Ljava/lang/String;[Ljava/lang/Class;)Ljava/lang/Class;+15
j  org.springframework.beans.factory.support.AbstractAutowireCapableBeanFactory.determineTargetType(Ljava/lang/String;Lorg/springframework/beans/factory/support/RootBeanDefinition;[Ljava/lang/Class;)Ljava/lang/Class;+34
j  org.springframework.beans.factory.support.AbstractAutowireCapableBeanFactory.predictBeanType(Ljava/lang/String;Lorg/springframework/beans/factory/support/RootBeanDefinition;[Ljava/lang/Class;)Ljava/lang/Class;+4
j  org.springframework.beans.factory.support.AbstractBeanFactory.isFactoryBean(Ljava/lang/String;Lorg/springframework/beans/factory/support/RootBeanDefinition;)Z+22
j  org.springframework.beans.factory.support.DefaultListableBeanFactory.doGetBeanNamesForType(Lorg/springframework/core/ResolvableType;ZZ)[Ljava/lang/String;+111
j  org.springframework.beans.factory.support.DefaultListableBeanFactory.getBeanNamesForType(Ljava/lang/Class;ZZ)[Ljava/lang/String;+22
j  org.springframework.beans.factory.support.DefaultListableBeanFactory.getBeansOfType(Ljava/lang/Class;ZZ)Ljava/util/Map;+4
j  org.springframework.beans.factory.support.DefaultListableBeanFactory.getBeansOfType(Ljava/lang/Class;)Ljava/util/Map;+4
j  org.springframework.context.support.AbstractApplicationContext.getBeansOfType(Ljava/lang/Class;)Ljava/util/Map;+9
j  org.springframework.boot.SpringApplication.getExitCodeFromMappedException(Lorg/springframework/context/ConfigurableApplicationContext;Ljava/lang/Throwable;)I+27
j  org.springframework.boot.SpringApplication.getExitCodeFromException(Lorg/springframework/context/ConfigurableApplicationContext;Ljava/lang/Throwable;)I+3
j  org.springframework.boot.SpringApplication.handleExitCode(Lorg/springframework/context/ConfigurableApplicationContext;Ljava/lang/Throwable;)V+3
j  org.springframework.boot.SpringApplication.handleRunFailure(Lorg/springframework/context/ConfigurableApplicationContext;Ljava/lang/Throwable;Lorg/springframework/boot/SpringApplicationRunListeners;)V+3
j  org.springframework.boot.SpringApplication.run([Ljava/lang/String;)Lorg/springframework/context/ConfigurableApplicationContext;+189
j  org.springframework.boot.SpringApplication.run([Ljava/lang/Class;[Ljava/lang/String;)Lorg/springframework/context/ConfigurableApplicationContext;+9
j  org.springframework.boot.SpringApplication.run(Ljava/lang/Class;[Ljava/lang/String;)Lorg/springframework/context/ConfigurableApplicationContext;+9
j  me.ez7mz.atl5jee.Atl5JeeApplication.main([Ljava/lang/String;)V+3
v  ~StubRoutines::call_stub

---------------  P R O C E S S  ---------------

Threads class SMR info:
_java_thread_list=0x00000185bddf1cd0, length=19, elements={
0x00000185a7433600, 0x00000185bddf8380, 0x00000185bddf9a00, 0x00000185be80b840,
0x00000185be80f610, 0x00000185be8147f0, 0x00000185be8151a0, 0x00000185be81f690,
0x00000185be828090, 0x00000185bdde5010, 0x00000185be9269f0, 0x00000185be9291a0,
0x00000185becec490, 0x00000185becec960, 0x00000185bee358d0, 0x00000185bf313540,
0x00000185bf307ee0, 0x00000185bf332c60, 0x00000185bf3e2a30
}

Java Threads: ( => current thread )
=>0x00000185a7433600 JavaThread "main" [_thread_in_vm, id=14072, stack(0x00000034a7e00000,0x00000034a7f00000)]
  0x00000185bddf8380 JavaThread "Reference Handler" daemon [_thread_blocked, id=17928, stack(0x00000034a8500000,0x00000034a8600000)]
  0x00000185bddf9a00 JavaThread "Finalizer" daemon [_thread_blocked, id=4244, stack(0x00000034a8600000,0x00000034a8700000)]
  0x00000185be80b840 JavaThread "Signal Dispatcher" daemon [_thread_blocked, id=11652, stack(0x00000034a8700000,0x00000034a8800000)]
  0x00000185be80f610 JavaThread "Attach Listener" daemon [_thread_blocked, id=15516, stack(0x00000034a8800000,0x00000034a8900000)]
  0x00000185be8147f0 JavaThread "Service Thread" daemon [_thread_blocked, id=18440, stack(0x00000034a8900000,0x00000034a8a00000)]
  0x00000185be8151a0 JavaThread "Monitor Deflation Thread" daemon [_thread_blocked, id=11808, stack(0x00000034a8a00000,0x00000034a8b00000)]
  0x00000185be81f690 JavaThread "C1 CompilerThread0" daemon [_thread_blocked, id=20536, stack(0x00000034a8b00000,0x00000034a8c00000)]
  0x00000185be828090 JavaThread "Sweeper thread" daemon [_thread_blocked, id=18188, stack(0x00000034a8c00000,0x00000034a8d00000)]
  0x00000185bdde5010 JavaThread "Common-Cleaner" daemon [_thread_blocked, id=18784, stack(0x00000034a8d00000,0x00000034a8e00000)]
  0x00000185be9269f0 JavaThread "C1 CompilerThread1" daemon [_thread_blocked, id=20488, stack(0x00000034a8e00000,0x00000034a8f00000)]
  0x00000185be9291a0 JavaThread "C1 CompilerThread2" daemon [_thread_blocked, id=5468, stack(0x00000034a8f00000,0x00000034a9000000)]
  0x00000185becec490 JavaThread "Monitor Ctrl-Break" daemon [_thread_in_native, id=8064, stack(0x00000034a9000000,0x00000034a9100000)]
  0x00000185becec960 JavaThread "Notification Thread" daemon [_thread_blocked, id=17520, stack(0x00000034a9100000,0x00000034a9200000)]
  0x00000185bee358d0 JavaThread "RMI TCP Accept-0" daemon [_thread_in_native, id=11272, stack(0x00000034a9200000,0x00000034a9300000)]
  0x00000185bf313540 JavaThread "RMI TCP Connection(1)-192.168.56.1" daemon [_thread_in_native, id=19328, stack(0x00000034a9b00000,0x00000034a9c00000)]
  0x00000185bf307ee0 JavaThread "RMI Scheduler(0)" daemon [_thread_blocked, id=12452, stack(0x00000034a9c00000,0x00000034a9d00000)]
  0x00000185bf332c60 JavaThread "background-preinit" [_thread_in_vm, id=18564, stack(0x00000034a9d00000,0x00000034a9e00000)]
  0x00000185bf3e2a30 JavaThread "C1 CompilerThread3" daemon [_thread_blocked, id=14024, stack(0x00000034a9f00000,0x00000034aa000000)]

Other Threads:
  0x00000185bddf3140 VMThread "VM Thread" [stack: 0x00000034a8400000,0x00000034a8500000] [id=19640]
  0x00000185bee33260 WatcherThread [stack: 0x00000034a9300000,0x00000034a9400000] [id=19672]
  0x00000185a749b950 GCTaskThread "GC Thread#0" [stack: 0x00000034a7f00000,0x00000034a8000000] [id=11660]
  0x00000185bf1c2840 GCTaskThread "GC Thread#1" [stack: 0x00000034a9400000,0x00000034a9500000] [id=11904]
  0x00000185bf1c4f10 GCTaskThread "GC Thread#2" [stack: 0x00000034a9500000,0x00000034a9600000] [id=22060]
  0x00000185bf1c51c0 GCTaskThread "GC Thread#3" [stack: 0x00000034a9600000,0x00000034a9700000] [id=8180]
  0x00000185bf1c5880 GCTaskThread "GC Thread#4" [stack: 0x00000034a9700000,0x00000034a9800000] [id=9252]
  0x00000185bf1c5fb0 GCTaskThread "GC Thread#5" [stack: 0x00000034a9800000,0x00000034a9900000] [id=1536]
  0x00000185bf1f6670 GCTaskThread "GC Thread#6" [stack: 0x00000034a9900000,0x00000034a9a00000] [id=21904]
  0x00000185bf3a19e0 GCTaskThread "GC Thread#7" [stack: 0x00000034a9e00000,0x00000034a9f00000] [id=16648]
  0x00000185a74ac470 ConcurrentGCThread "G1 Main Marker" [stack: 0x00000034a8000000,0x00000034a8100000] [id=17744]
  0x00000185a74ade30 ConcurrentGCThread "G1 Conc#0" [stack: 0x00000034a8100000,0x00000034a8200000] [id=18924]
  0x00000185bdcac200 ConcurrentGCThread "G1 Refine#0" [stack: 0x00000034a8200000,0x00000034a8300000] [id=13600]
  0x00000185bf1d5cd0 ConcurrentGCThread "G1 Refine#1" [stack: 0x00000034a9a00000,0x00000034a9b00000] [id=4708]
  0x00000185bdcaca30 ConcurrentGCThread "G1 Service" [stack: 0x00000034a8300000,0x00000034a8400000] [id=18836]

Threads with active compile tasks:

VM state: not at safepoint (normal execution)

VM Mutex/Monitor currently owned by a thread:  ([mutex/lock_event])
[0x00000185a742e960] Metaspace_lock - owner thread: 0x00000185a7433600

OutOfMemory and StackOverflow Exception counts:
OutOfMemoryError java_heap_errors=1
LinkageErrors=53

Heap address: 0x0000000704e00000, size: 4018 MB, Compressed Oops mode: Zero based, Oop shift amount: 3

CDS archive(s) mapped at: [0x0000000800000000-0x0000000800bd0000-0x0000000800bd0000), size 12386304, SharedBaseAddress: 0x0000000800000000, ArchiveRelocationMode: 0.
Compressed class space mapped at: 0x0000000800c00000-0x0000000840c00000, reserved size: 1073741824
Narrow klass base: 0x0000000800000000, Narrow klass shift: 0, Narrow klass range: 0x100000000

GC Precious Log:
 CPUs: 8 total, 8 available
 Memory: 16066M
 Large Page Support: Disabled
 NUMA Support: Disabled
 Compressed Oops: Enabled (Zero based)
 Heap Region Size: 2M
 Heap Min Capacity: 8M
 Heap Initial Capacity: 252M
 Heap Max Capacity: 4018M
 Pre-touch: Disabled
 Parallel Workers: 8
 Concurrent Workers: 2
 Concurrent Refinement Workers: 8
 Periodic GC: Disabled

Heap:
 garbage-first heap   total 258048K, used 31604K [0x0000000704e00000, 0x0000000800000000)
  region size 2048K, 13 young (26624K), 1 survivors (2048K)
 Metaspace       used 17158K, committed 17408K, reserved 1064960K
  class space    used 2282K, committed 2432K, reserved 1048576K

Heap Regions: E=young(eden), S=young(survivor), O=old, HS=humongous(starts), HC=humongous(continues), CS=collection set, F=free, OA=open archive, CA=closed archive, TAMS=top-at-mark-start (previous, next)
|   0|0x0000000704e00000, 0x0000000705000000, 0x0000000705000000|100%| O|  |TAMS 0x0000000704e00000, 0x0000000704e00000| Untracked 
|   1|0x0000000705000000, 0x0000000705200000, 0x0000000705200000|100%| O|  |TAMS 0x0000000705000000, 0x0000000705000000| Untracked 
|   2|0x0000000705200000, 0x0000000705400000, 0x0000000705400000|100%| O|  |TAMS 0x0000000705200000, 0x0000000705200000| Untracked 
|   3|0x0000000705400000, 0x00000007054ef808, 0x0000000705600000| 46%| O|  |TAMS 0x0000000705400000, 0x0000000705400000| Untracked 
|   4|0x0000000705600000, 0x0000000705600000, 0x0000000705800000|  0%| F|  |TAMS 0x0000000705600000, 0x0000000705600000| Untracked 
|   5|0x0000000705800000, 0x0000000705800000, 0x0000000705a00000|  0%| F|  |TAMS 0x0000000705800000, 0x0000000705800000| Untracked 
|   6|0x0000000705a00000, 0x0000000705a00000, 0x0000000705c00000|  0%| F|  |TAMS 0x0000000705a00000, 0x0000000705a00000| Untracked 
|   7|0x0000000705c00000, 0x0000000705c00000, 0x0000000705e00000|  0%| F|  |TAMS 0x0000000705c00000, 0x0000000705c00000| Untracked 
|   8|0x0000000705e00000, 0x0000000705e00000, 0x0000000706000000|  0%| F|  |TAMS 0x0000000705e00000, 0x0000000705e00000| Untracked 
|   9|0x0000000706000000, 0x0000000706000000, 0x0000000706200000|  0%| F|  |TAMS 0x0000000706000000, 0x0000000706000000| Untracked 
|  10|0x0000000706200000, 0x0000000706200000, 0x0000000706400000|  0%| F|  |TAMS 0x0000000706200000, 0x0000000706200000| Untracked 
|  11|0x0000000706400000, 0x0000000706400000, 0x0000000706600000|  0%| F|  |TAMS 0x0000000706400000, 0x0000000706400000| Untracked 
|  12|0x0000000706600000, 0x0000000706600000, 0x0000000706800000|  0%| F|  |TAMS 0x0000000706600000, 0x0000000706600000| Untracked 
|  13|0x0000000706800000, 0x0000000706800000, 0x0000000706a00000|  0%| F|  |TAMS 0x0000000706800000, 0x0000000706800000| Untracked 
|  14|0x0000000706a00000, 0x0000000706a00000, 0x0000000706c00000|  0%| F|  |TAMS 0x0000000706a00000, 0x0000000706a00000| Untracked 
|  15|0x0000000706c00000, 0x0000000706c00000, 0x0000000706e00000|  0%| F|  |TAMS 0x0000000706c00000, 0x0000000706c00000| Untracked 
|  16|0x0000000706e00000, 0x0000000706e00000, 0x0000000707000000|  0%| F|  |TAMS 0x0000000706e00000, 0x0000000706e00000| Untracked 
|  17|0x0000000707000000, 0x0000000707000000, 0x0000000707200000|  0%| F|  |TAMS 0x0000000707000000, 0x0000000707000000| Untracked 
|  18|0x0000000707200000, 0x0000000707200000, 0x0000000707400000|  0%| F|  |TAMS 0x0000000707200000, 0x0000000707200000| Untracked 
|  19|0x0000000707400000, 0x0000000707400000, 0x0000000707600000|  0%| F|  |TAMS 0x0000000707400000, 0x0000000707400000| Untracked 
|  20|0x0000000707600000, 0x0000000707600000, 0x0000000707800000|  0%| F|  |TAMS 0x0000000707600000, 0x0000000707600000| Untracked 
|  21|0x0000000707800000, 0x0000000707800000, 0x0000000707a00000|  0%| F|  |TAMS 0x0000000707800000, 0x0000000707800000| Untracked 
|  22|0x0000000707a00000, 0x0000000707a00000, 0x0000000707c00000|  0%| F|  |TAMS 0x0000000707a00000, 0x0000000707a00000| Untracked 
|  23|0x0000000707c00000, 0x0000000707c00000, 0x0000000707e00000|  0%| F|  |TAMS 0x0000000707c00000, 0x0000000707c00000| Untracked 
|  24|0x0000000707e00000, 0x0000000707e00000, 0x0000000708000000|  0%| F|  |TAMS 0x0000000707e00000, 0x0000000707e00000| Untracked 
|  25|0x0000000708000000, 0x0000000708000000, 0x0000000708200000|  0%| F|  |TAMS 0x0000000708000000, 0x0000000708000000| Untracked 
|  26|0x0000000708200000, 0x0000000708200000, 0x0000000708400000|  0%| F|  |TAMS 0x0000000708200000, 0x0000000708200000| Untracked 
|  27|0x0000000708400000, 0x0000000708400000, 0x0000000708600000|  0%| F|  |TAMS 0x0000000708400000, 0x0000000708400000| Untracked 
|  28|0x0000000708600000, 0x0000000708600000, 0x0000000708800000|  0%| F|  |TAMS 0x0000000708600000, 0x0000000708600000| Untracked 
|  29|0x0000000708800000, 0x0000000708800000, 0x0000000708a00000|  0%| F|  |TAMS 0x0000000708800000, 0x0000000708800000| Untracked 
|  30|0x0000000708a00000, 0x0000000708a00000, 0x0000000708c00000|  0%| F|  |TAMS 0x0000000708a00000, 0x0000000708a00000| Untracked 
|  31|0x0000000708c00000, 0x0000000708c00000, 0x0000000708e00000|  0%| F|  |TAMS 0x0000000708c00000, 0x0000000708c00000| Untracked 
|  32|0x0000000708e00000, 0x0000000708e00000, 0x0000000709000000|  0%| F|  |TAMS 0x0000000708e00000, 0x0000000708e00000| Untracked 
|  33|0x0000000709000000, 0x0000000709000000, 0x0000000709200000|  0%| F|  |TAMS 0x0000000709000000, 0x0000000709000000| Untracked 
|  34|0x0000000709200000, 0x0000000709200000, 0x0000000709400000|  0%| F|  |TAMS 0x0000000709200000, 0x0000000709200000| Untracked 
|  35|0x0000000709400000, 0x0000000709400000, 0x0000000709600000|  0%| F|  |TAMS 0x0000000709400000, 0x0000000709400000| Untracked 
|  36|0x0000000709600000, 0x0000000709600000, 0x0000000709800000|  0%| F|  |TAMS 0x0000000709600000, 0x0000000709600000| Untracked 
|  37|0x0000000709800000, 0x0000000709800000, 0x0000000709a00000|  0%| F|  |TAMS 0x0000000709800000, 0x0000000709800000| Untracked 
|  38|0x0000000709a00000, 0x0000000709a00000, 0x0000000709c00000|  0%| F|  |TAMS 0x0000000709a00000, 0x0000000709a00000| Untracked 
|  39|0x0000000709c00000, 0x0000000709c00000, 0x0000000709e00000|  0%| F|  |TAMS 0x0000000709c00000, 0x0000000709c00000| Untracked 
|  40|0x0000000709e00000, 0x0000000709e00000, 0x000000070a000000|  0%| F|  |TAMS 0x0000000709e00000, 0x0000000709e00000| Untracked 
|  41|0x000000070a000000, 0x000000070a000000, 0x000000070a200000|  0%| F|  |TAMS 0x000000070a000000, 0x000000070a000000| Untracked 
|  42|0x000000070a200000, 0x000000070a200000, 0x000000070a400000|  0%| F|  |TAMS 0x000000070a200000, 0x000000070a200000| Untracked 
|  43|0x000000070a400000, 0x000000070a400000, 0x000000070a600000|  0%| F|  |TAMS 0x000000070a400000, 0x000000070a400000| Untracked 
|  44|0x000000070a600000, 0x000000070a600000, 0x000000070a800000|  0%| F|  |TAMS 0x000000070a600000, 0x000000070a600000| Untracked 
|  45|0x000000070a800000, 0x000000070a800000, 0x000000070aa00000|  0%| F|  |TAMS 0x000000070a800000, 0x000000070a800000| Untracked 
|  46|0x000000070aa00000, 0x000000070aa00000, 0x000000070ac00000|  0%| F|  |TAMS 0x000000070aa00000, 0x000000070aa00000| Untracked 
|  47|0x000000070ac00000, 0x000000070ac00000, 0x000000070ae00000|  0%| F|  |TAMS 0x000000070ac00000, 0x000000070ac00000| Untracked 
|  48|0x000000070ae00000, 0x000000070ae00000, 0x000000070b000000|  0%| F|  |TAMS 0x000000070ae00000, 0x000000070ae00000| Untracked 
|  49|0x000000070b000000, 0x000000070b000000, 0x000000070b200000|  0%| F|  |TAMS 0x000000070b000000, 0x000000070b000000| Untracked 
|  50|0x000000070b200000, 0x000000070b200000, 0x000000070b400000|  0%| F|  |TAMS 0x000000070b200000, 0x000000070b200000| Untracked 
|  51|0x000000070b400000, 0x000000070b400000, 0x000000070b600000|  0%| F|  |TAMS 0x000000070b400000, 0x000000070b400000| Untracked 
|  52|0x000000070b600000, 0x000000070b600000, 0x000000070b800000|  0%| F|  |TAMS 0x000000070b600000, 0x000000070b600000| Untracked 
|  53|0x000000070b800000, 0x000000070b800000, 0x000000070ba00000|  0%| F|  |TAMS 0x000000070b800000, 0x000000070b800000| Untracked 
|  54|0x000000070ba00000, 0x000000070ba00000, 0x000000070bc00000|  0%| F|  |TAMS 0x000000070ba00000, 0x000000070ba00000| Untracked 
|  55|0x000000070bc00000, 0x000000070bc00000, 0x000000070be00000|  0%| F|  |TAMS 0x000000070bc00000, 0x000000070bc00000| Untracked 
|  56|0x000000070be00000, 0x000000070be00000, 0x000000070c000000|  0%| F|  |TAMS 0x000000070be00000, 0x000000070be00000| Untracked 
|  57|0x000000070c000000, 0x000000070c000000, 0x000000070c200000|  0%| F|  |TAMS 0x000000070c000000, 0x000000070c000000| Untracked 
|  58|0x000000070c200000, 0x000000070c200000, 0x000000070c400000|  0%| F|  |TAMS 0x000000070c200000, 0x000000070c200000| Untracked 
|  59|0x000000070c400000, 0x000000070c400000, 0x000000070c600000|  0%| F|  |TAMS 0x000000070c400000, 0x000000070c400000| Untracked 
|  60|0x000000070c600000, 0x000000070c600000, 0x000000070c800000|  0%| F|  |TAMS 0x000000070c600000, 0x000000070c600000| Untracked 
|  61|0x000000070c800000, 0x000000070c800000, 0x000000070ca00000|  0%| F|  |TAMS 0x000000070c800000, 0x000000070c800000| Untracked 
|  62|0x000000070ca00000, 0x000000070ca00000, 0x000000070cc00000|  0%| F|  |TAMS 0x000000070ca00000, 0x000000070ca00000| Untracked 
|  63|0x000000070cc00000, 0x000000070cc00000, 0x000000070ce00000|  0%| F|  |TAMS 0x000000070cc00000, 0x000000070cc00000| Untracked 
|  64|0x000000070ce00000, 0x000000070ce00000, 0x000000070d000000|  0%| F|  |TAMS 0x000000070ce00000, 0x000000070ce00000| Untracked 
|  65|0x000000070d000000, 0x000000070d000000, 0x000000070d200000|  0%| F|  |TAMS 0x000000070d000000, 0x000000070d000000| Untracked 
|  66|0x000000070d200000, 0x000000070d200000, 0x000000070d400000|  0%| F|  |TAMS 0x000000070d200000, 0x000000070d200000| Untracked 
|  67|0x000000070d400000, 0x000000070d400000, 0x000000070d600000|  0%| F|  |TAMS 0x000000070d400000, 0x000000070d400000| Untracked 
|  68|0x000000070d600000, 0x000000070d600000, 0x000000070d800000|  0%| F|  |TAMS 0x000000070d600000, 0x000000070d600000| Untracked 
|  69|0x000000070d800000, 0x000000070d800000, 0x000000070da00000|  0%| F|  |TAMS 0x000000070d800000, 0x000000070d800000| Untracked 
|  70|0x000000070da00000, 0x000000070da00000, 0x000000070dc00000|  0%| F|  |TAMS 0x000000070da00000, 0x000000070da00000| Untracked 
|  71|0x000000070dc00000, 0x000000070dc00000, 0x000000070de00000|  0%| F|  |TAMS 0x000000070dc00000, 0x000000070dc00000| Untracked 
|  72|0x000000070de00000, 0x000000070de00000, 0x000000070e000000|  0%| F|  |TAMS 0x000000070de00000, 0x000000070de00000| Untracked 
|  73|0x000000070e000000, 0x000000070e000000, 0x000000070e200000|  0%| F|  |TAMS 0x000000070e000000, 0x000000070e000000| Untracked 
|  74|0x000000070e200000, 0x000000070e200000, 0x000000070e400000|  0%| F|  |TAMS 0x000000070e200000, 0x000000070e200000| Untracked 
|  75|0x000000070e400000, 0x000000070e400000, 0x000000070e600000|  0%| F|  |TAMS 0x000000070e400000, 0x000000070e400000| Untracked 
|  76|0x000000070e600000, 0x000000070e600000, 0x000000070e800000|  0%| F|  |TAMS 0x000000070e600000, 0x000000070e600000| Untracked 
|  77|0x000000070e800000, 0x000000070e800000, 0x000000070ea00000|  0%| F|  |TAMS 0x000000070e800000, 0x000000070e800000| Untracked 
|  78|0x000000070ea00000, 0x000000070ea00000, 0x000000070ec00000|  0%| F|  |TAMS 0x000000070ea00000, 0x000000070ea00000| Untracked 
|  79|0x000000070ec00000, 0x000000070ec00000, 0x000000070ee00000|  0%| F|  |TAMS 0x000000070ec00000, 0x000000070ec00000| Untracked 
|  80|0x000000070ee00000, 0x000000070ee00000, 0x000000070f000000|  0%| F|  |TAMS 0x000000070ee00000, 0x000000070ee00000| Untracked 
|  81|0x000000070f000000, 0x000000070f000000, 0x000000070f200000|  0%| F|  |TAMS 0x000000070f000000, 0x000000070f000000| Untracked 
|  82|0x000000070f200000, 0x000000070f200000, 0x000000070f400000|  0%| F|  |TAMS 0x000000070f200000, 0x000000070f200000| Untracked 
|  83|0x000000070f400000, 0x000000070f400000, 0x000000070f600000|  0%| F|  |TAMS 0x000000070f400000, 0x000000070f400000| Untracked 
|  84|0x000000070f600000, 0x000000070f600000, 0x000000070f800000|  0%| F|  |TAMS 0x000000070f600000, 0x000000070f600000| Untracked 
|  85|0x000000070f800000, 0x000000070f800000, 0x000000070fa00000|  0%| F|  |TAMS 0x000000070f800000, 0x000000070f800000| Untracked 
|  86|0x000000070fa00000, 0x000000070fa00000, 0x000000070fc00000|  0%| F|  |TAMS 0x000000070fa00000, 0x000000070fa00000| Untracked 
|  87|0x000000070fc00000, 0x000000070fc00000, 0x000000070fe00000|  0%| F|  |TAMS 0x000000070fc00000, 0x000000070fc00000| Untracked 
|  88|0x000000070fe00000, 0x000000070fe00000, 0x0000000710000000|  0%| F|  |TAMS 0x000000070fe00000, 0x000000070fe00000| Untracked 
|  89|0x0000000710000000, 0x0000000710000000, 0x0000000710200000|  0%| F|  |TAMS 0x0000000710000000, 0x0000000710000000| Untracked 
|  90|0x0000000710200000, 0x0000000710200000, 0x0000000710400000|  0%| F|  |TAMS 0x0000000710200000, 0x0000000710200000| Untracked 
|  91|0x0000000710400000, 0x0000000710400000, 0x0000000710600000|  0%| F|  |TAMS 0x0000000710400000, 0x0000000710400000| Untracked 
|  92|0x0000000710600000, 0x0000000710600000, 0x0000000710800000|  0%| F|  |TAMS 0x0000000710600000, 0x0000000710600000| Untracked 
|  93|0x0000000710800000, 0x0000000710800000, 0x0000000710a00000|  0%| F|  |TAMS 0x0000000710800000, 0x0000000710800000| Untracked 
|  94|0x0000000710a00000, 0x0000000710a00000, 0x0000000710c00000|  0%| F|  |TAMS 0x0000000710a00000, 0x0000000710a00000| Untracked 
|  95|0x0000000710c00000, 0x0000000710c00000, 0x0000000710e00000|  0%| F|  |TAMS 0x0000000710c00000, 0x0000000710c00000| Untracked 
|  96|0x0000000710e00000, 0x0000000710e00000, 0x0000000711000000|  0%| F|  |TAMS 0x0000000710e00000, 0x0000000710e00000| Untracked 
|  97|0x0000000711000000, 0x0000000711000000, 0x0000000711200000|  0%| F|  |TAMS 0x0000000711000000, 0x0000000711000000| Untracked 
|  98|0x0000000711200000, 0x0000000711200000, 0x0000000711400000|  0%| F|  |TAMS 0x0000000711200000, 0x0000000711200000| Untracked 
|  99|0x0000000711400000, 0x0000000711400000, 0x0000000711600000|  0%| F|  |TAMS 0x0000000711400000, 0x0000000711400000| Untracked 
| 100|0x0000000711600000, 0x0000000711600000, 0x0000000711800000|  0%| F|  |TAMS 0x0000000711600000, 0x0000000711600000| Untracked 
| 101|0x0000000711800000, 0x0000000711800000, 0x0000000711a00000|  0%| F|  |TAMS 0x0000000711800000, 0x0000000711800000| Untracked 
| 102|0x0000000711a00000, 0x0000000711a00000, 0x0000000711c00000|  0%| F|  |TAMS 0x0000000711a00000, 0x0000000711a00000| Untracked 
| 103|0x0000000711c00000, 0x0000000711c00000, 0x0000000711e00000|  0%| F|  |TAMS 0x0000000711c00000, 0x0000000711c00000| Untracked 
| 104|0x0000000711e00000, 0x0000000711e00000, 0x0000000712000000|  0%| F|  |TAMS 0x0000000711e00000, 0x0000000711e00000| Untracked 
| 105|0x0000000712000000, 0x0000000712000000, 0x0000000712200000|  0%| F|  |TAMS 0x0000000712000000, 0x0000000712000000| Untracked 
| 106|0x0000000712200000, 0x0000000712200000, 0x0000000712400000|  0%| F|  |TAMS 0x0000000712200000, 0x0000000712200000| Untracked 
| 107|0x0000000712400000, 0x0000000712400000, 0x0000000712600000|  0%| F|  |TAMS 0x0000000712400000, 0x0000000712400000| Untracked 
| 108|0x0000000712600000, 0x0000000712600000, 0x0000000712800000|  0%| F|  |TAMS 0x0000000712600000, 0x0000000712600000| Untracked 
| 109|0x0000000712800000, 0x0000000712800000, 0x0000000712a00000|  0%| F|  |TAMS 0x0000000712800000, 0x0000000712800000| Untracked 
| 110|0x0000000712a00000, 0x0000000712a00000, 0x0000000712c00000|  0%| F|  |TAMS 0x0000000712a00000, 0x0000000712a00000| Untracked 
| 111|0x0000000712c00000, 0x0000000712c00000, 0x0000000712e00000|  0%| F|  |TAMS 0x0000000712c00000, 0x0000000712c00000| Untracked 
| 112|0x0000000712e00000, 0x0000000712e00000, 0x0000000713000000|  0%| F|  |TAMS 0x0000000712e00000, 0x0000000712e00000| Untracked 
| 113|0x0000000713000000, 0x00000007130c7528, 0x0000000713200000| 38%| E|  |TAMS 0x0000000713000000, 0x0000000713000000| Complete 
| 114|0x0000000713200000, 0x0000000713400000, 0x0000000713400000|100%| E|CS|TAMS 0x0000000713200000, 0x0000000713200000| Complete 
| 115|0x0000000713400000, 0x00000007135eda70, 0x0000000713600000| 96%| S|CS|TAMS 0x0000000713400000, 0x0000000713400000| Complete 
| 116|0x0000000713600000, 0x0000000713800000, 0x0000000713800000|100%| E|CS|TAMS 0x0000000713600000, 0x0000000713600000| Complete 
| 117|0x0000000713800000, 0x0000000713a00000, 0x0000000713a00000|100%| E|CS|TAMS 0x0000000713800000, 0x0000000713800000| Complete 
| 118|0x0000000713a00000, 0x0000000713c00000, 0x0000000713c00000|100%| E|CS|TAMS 0x0000000713a00000, 0x0000000713a00000| Complete 
| 119|0x0000000713c00000, 0x0000000713e00000, 0x0000000713e00000|100%| E|CS|TAMS 0x0000000713c00000, 0x0000000713c00000| Complete 
| 120|0x0000000713e00000, 0x0000000714000000, 0x0000000714000000|100%| E|CS|TAMS 0x0000000713e00000, 0x0000000713e00000| Complete 
| 121|0x0000000714000000, 0x0000000714200000, 0x0000000714200000|100%| E|CS|TAMS 0x0000000714000000, 0x0000000714000000| Complete 
| 122|0x0000000714200000, 0x0000000714400000, 0x0000000714400000|100%| E|CS|TAMS 0x0000000714200000, 0x0000000714200000| Complete 
| 123|0x0000000714400000, 0x0000000714600000, 0x0000000714600000|100%| E|CS|TAMS 0x0000000714400000, 0x0000000714400000| Complete 
| 124|0x0000000714600000, 0x0000000714800000, 0x0000000714800000|100%| E|CS|TAMS 0x0000000714600000, 0x0000000714600000| Complete 
| 125|0x0000000714800000, 0x0000000714a00000, 0x0000000714a00000|100%| E|CS|TAMS 0x0000000714800000, 0x0000000714800000| Complete 

Card table byte_map: [0x00000185b2590000,0x00000185b2d70000] _byte_map_base: 0x00000185aed69000

Marking Bits (Prev, Next): (CMBitMap*) 0x00000185a749bf60, (CMBitMap*) 0x00000185a749bfa0
 Prev Bits: [0x00000185b3550000, 0x00000185b7418000)
 Next Bits: [0x00000185b7420000, 0x00000185bb2e8000)

Polling page: 0x00000185a5400000

Metaspace:

Usage:
  Non-class:     14.53 MB used.
      Class:      2.23 MB used.
       Both:     16.76 MB used.

Virtual space:
  Non-class space:       16.00 MB reserved,      14.62 MB ( 91%) committed,  2 nodes.
      Class space:        1.00 GB reserved,       2.38 MB ( <1%) committed,  1 nodes.
             Both:        1.02 GB reserved,      17.00 MB (  2%) committed. 

Chunk freelists:
   Non-Class:  1008.00 KB
       Class:  1.66 MB
        Both:  2.64 MB

MaxMetaspaceSize: unlimited
CompressedClassSpaceSize: 1.00 GB
Initial GC threshold: 21.00 MB
Current GC threshold: 21.00 MB
CDS: on
MetaspaceReclaimPolicy: balanced
 - commit_granule_bytes: 65536.
 - commit_granule_words: 8192.
 - virtual_space_node_default_size: 1048576.
 - enlarge_chunks_in_place: 1.
 - new_chunks_are_fully_committed: 0.
 - uncommit_free_chunks: 1.
 - use_allocation_guard: 0.
 - handle_deallocations: 1.


Internal statistics:

num_allocs_failed_limit: 0.
num_arena_births: 278.
num_arena_deaths: 0.
num_vsnodes_births: 3.
num_vsnodes_deaths: 0.
num_space_committed: 272.
num_space_uncommitted: 0.
num_chunks_returned_to_freelist: 0.
num_chunks_taken_from_freelist: 805.
num_chunk_merges: 0.
num_chunk_splits: 528.
num_chunks_enlarged: 367.
num_purges: 0.
num_inconsistent_stats: 0.

CodeCache: size=49152Kb used=6005Kb max_used=6005Kb free=43146Kb
 bounds [0x00000185aeca0000, 0x00000185af280000, 0x00000185b1ca0000]
 total_blobs=2626 nmethods=2124 adapters=426
 compilation: enabled
              stopped_count=0, restarted_count=0
 full_count=0

Compilation events (20 events):
Event: 1.820 Thread 0x00000185be9291a0 2112       1       org.springframework.core.annotation.AnnotationTypeMapping$MirrorSets::size (6 bytes)
Event: 1.820 Thread 0x00000185be81f690 2113       1       org.springframework.core.annotation.AnnotationTypeMapping::getMirrorSets (5 bytes)
Event: 1.820 Thread 0x00000185be81f690 nmethod 2113 0x00000185af278a90 code [0x00000185af278c20, 0x00000185af278cf8]
Event: 1.820 Thread 0x00000185be9291a0 nmethod 2112 0x00000185af278d90 code [0x00000185af278f20, 0x00000185af278ff8]
Event: 1.820 Thread 0x00000185bf3e2a30 2114       1       org.springframework.core.annotation.TypeMappedAnnotations::isMappingForType (41 bytes)
Event: 1.821 Thread 0x00000185bf3e2a30 nmethod 2114 0x00000185af279090 code [0x00000185af279240, 0x00000185af2793c8]
Event: 1.825 Thread 0x00000185be9269f0 2116       1       java.util.LinkedHashMap$LinkedKeyIterator::<init> (11 bytes)
Event: 1.825 Thread 0x00000185be9291a0 2115       1       java.util.LinkedHashMap$LinkedKeySet::iterator (12 bytes)
Event: 1.825 Thread 0x00000185be9291a0 nmethod 2115 0x00000185af279810 code [0x00000185af2799a0, 0x00000185af279c18]
Event: 1.825 Thread 0x00000185be9269f0 nmethod 2116 0x00000185af279d10 code [0x00000185af279ea0, 0x00000185af27a0d8]
Event: 1.828 Thread 0x00000185bf3e2a30 2119   !   1       java.lang.invoke.InnerClassLambdaMetafactory::buildCallSite (201 bytes)
Event: 1.828 Thread 0x00000185be9269f0 2120       1       java.lang.invoke.InnerClassLambdaMetafactory::spinInnerClass (118 bytes)
Event: 1.828 Thread 0x00000185be9291a0 2121       1       java.lang.invoke.LambdaProxyClassArchive::find (63 bytes)
Event: 1.828 Thread 0x00000185be81f690 2122       1       jdk.internal.misc.CDS::isSharingEnabled (4 bytes)
Event: 1.828 Thread 0x00000185be81f690 nmethod 2122 0x00000185af27a490 code [0x00000185af27a620, 0x00000185af27a6d8]
Event: 1.828 Thread 0x00000185be9269f0 nmethod 2120 0x00000185af27a790 code [0x00000185af27a940, 0x00000185af27aaf8]
Event: 1.828 Thread 0x00000185be9291a0 nmethod 2121 0x00000185af27ab90 code [0x00000185af27ad60, 0x00000185af27b038]
Event: 1.829 Thread 0x00000185be9291a0 2123       1       java.lang.invoke.BoundMethodHandle$Species_L::<init> (12 bytes)
Event: 1.829 Thread 0x00000185be9291a0 nmethod 2123 0x00000185af27b210 code [0x00000185af27b3a0, 0x00000185af27b4e8]
Event: 1.830 Thread 0x00000185bf3e2a30 nmethod 2119 0x00000185af27b590 code [0x00000185af27b8c0, 0x00000185af27c778]

GC Heap History (4 events):
Event: 1.002 GC heap before
{Heap before GC invocations=0 (full 0):
 garbage-first heap   total 258048K, used 20480K [0x0000000704e00000, 0x0000000800000000)
  region size 2048K, 11 young (22528K), 0 survivors (0K)
 Metaspace       used 7488K, committed 7744K, reserved 1056768K
  class space    used 953K, committed 1088K, reserved 1048576K
}
Event: 1.008 GC heap after
{Heap after GC invocations=1 (full 0):
 garbage-first heap   total 258048K, used 6563K [0x0000000704e00000, 0x0000000800000000)
  region size 2048K, 2 young (4096K), 2 survivors (4096K)
 Metaspace       used 7488K, committed 7744K, reserved 1056768K
  class space    used 953K, committed 1088K, reserved 1048576K
}
Event: 1.498 GC heap before
{Heap before GC invocations=1 (full 0):
 garbage-first heap   total 258048K, used 27043K [0x0000000704e00000, 0x0000000800000000)
  region size 2048K, 12 young (24576K), 2 survivors (4096K)
 Metaspace       used 12237K, committed 12480K, reserved 1064960K
  class space    used 1643K, committed 1728K, reserved 1048576K
}
Event: 1.502 GC heap after
{Heap after GC invocations=2 (full 0):
 garbage-first heap   total 258048K, used 9076K [0x0000000704e00000, 0x0000000800000000)
  region size 2048K, 1 young (2048K), 1 survivors (2048K)
 Metaspace       used 12237K, committed 12480K, reserved 1064960K
  class space    used 1643K, committed 1728K, reserved 1048576K
}

Deoptimization events (2 events):
Event: 1.617 Thread 0x00000185a7433600 DEOPT PACKING pc=0x00000185af243779 sp=0x00000034a7efd7e0
Event: 1.617 Thread 0x00000185a7433600 DEOPT UNPACKING pc=0x00000185aecf2b43 sp=0x00000034a7efccc0 mode 3

Classes unloaded (0 events):
No events

Classes redefined (0 events):
No events

Internal exceptions (20 events):
Event: 1.350 Thread 0x00000185a7433600 Exception <a 'java/lang/NoSuchMethodError'{0x0000000713f10698}: 'java.lang.Object java.lang.invoke.DirectMethodHandle$Holder.invokeStaticInit(java.lang.Object, java.lang.Object, long, java.lang.Object)'> (0x0000000713f10698) 
thrown [s\open\src\hotspot\share\interpreter\linkResolver.cpp, line 759]
Event: 1.351 Thread 0x00000185a7433600 Exception <a 'java/lang/NoSuchMethodError'{0x0000000713f16ca8}: 'java.lang.Object java.lang.invoke.DirectMethodHandle$Holder.newInvokeSpecial(java.lang.Object, java.lang.Object, long)'> (0x0000000713f16ca8) 
thrown [s\open\src\hotspot\share\interpreter\linkResolver.cpp, line 759]
Event: 1.351 Thread 0x00000185a7433600 Exception <a 'java/lang/NoSuchMethodError'{0x0000000713f1a818}: 'java.lang.Object java.lang.invoke.Invokers$Holder.linkToTargetMethod(java.lang.Object, long, java.lang.Object)'> (0x0000000713f1a818) 
thrown [s\open\src\hotspot\share\interpreter\linkResolver.cpp, line 759]
Event: 1.359 Thread 0x00000185bf313540 Exception <a 'java/lang/NoSuchMethodError'{0x0000000713f60370}: static [B.<clinit>()V> (0x0000000713f60370) 
thrown [s\open\src\hotspot\share\prims\jni.cpp, line 1107]
Event: 1.363 Thread 0x00000185a7433600 Exception <a 'java/lang/NoSuchMethodError'{0x0000000713f91218}: 'void java.lang.invoke.DirectMethodHandle$Holder.invokeVirtual(java.lang.Object, java.lang.Object, java.lang.Object, java.lang.Object)'> (0x0000000713f91218) 
thrown [s\open\src\hotspot\share\interpreter\linkResolver.cpp, line 759]
Event: 1.374 Thread 0x00000185bf313540 Exception <a 'java/lang/ClassNotFoundException'{0x0000000713c18b60}: javax/management/remote/rmi/RMIConnectionImpl_Skel> (0x0000000713c18b60) 
thrown [s\open\src\hotspot\share\classfile\systemDictionary.cpp, line 256]
Event: 1.386 Thread 0x00000185bf313540 Exception <a 'java/lang/reflect/InvocationTargetException'{0x0000000713d015d8}> (0x0000000713d015d8) 
thrown [s\open\src\hotspot\share\runtime\reflection.cpp, line 1121]
Event: 1.392 Thread 0x00000185bf313540 Exception <a 'java/lang/NoSuchMethodError'{0x0000000713d23818}: static [Ljava/lang/StackTraceElement;.<clinit>()V> (0x0000000713d23818) 
thrown [s\open\src\hotspot\share\prims\jni.cpp, line 1107]
Event: 1.418 Thread 0x00000185a7433600 Exception <a 'java/lang/NoSuchMethodError'{0x0000000713ddba08}: 'void java.lang.invoke.DirectMethodHandle$Holder.invokeSpecial(java.lang.Object, java.lang.Object, java.lang.Object)'> (0x0000000713ddba08) 
thrown [s\open\src\hotspot\share\interpreter\linkResolver.cpp, line 759]
Event: 1.418 Thread 0x00000185a7433600 Exception <a 'java/lang/NoSuchMethodError'{0x0000000713de1fe0}: 'void java.lang.invoke.DirectMethodHandle$Holder.invokeSpecial(java.lang.Object, java.lang.Object, java.lang.Object, java.lang.Object, java.lang.Object)'> (0x0000000713de1fe0) 
thrown [s\open\src\hotspot\share\interpreter\linkResolver.cpp, line 759]
Event: 1.425 Thread 0x00000185bf332c60 Exception <a 'java/lang/NoClassDefFoundError'{0x0000000713a165e8}: jakarta/validation/Validation> (0x0000000713a165e8) 
thrown [s\open\src\hotspot\share\classfile\systemDictionary.cpp, line 245]
Event: 1.426 Thread 0x00000185a7433600 Exception <a 'java/lang/IncompatibleClassChangeError'{0x0000000713a2b168}: Found class java.lang.Object, but interface was expected> (0x0000000713a2b168) 
thrown [s\open\src\hotspot\share\interpreter\linkResolver.cpp, line 826]
Event: 1.753 Thread 0x00000185a7433600 Exception <a 'java/lang/NoSuchMethodError'{0x00000007139801d0}: 'int java.lang.invoke.DirectMethodHandle$Holder.invokeSpecial(java.lang.Object, java.lang.Object, java.lang.Object, java.lang.Object, java.lang.Object)'> (0x00000007139801d0) 
thrown [s\open\src\hotspot\share\interpreter\linkResolver.cpp, line 759]
Event: 1.755 Thread 0x00000185a7433600 Exception <a 'java/lang/NoSuchMethodError'{0x0000000713988e28}: 'void java.lang.invoke.DirectMethodHandle$Holder.invokeVirtual(java.lang.Object, java.lang.Object)'> (0x0000000713988e28) 
thrown [s\open\src\hotspot\share\interpreter\linkResolver.cpp, line 759]
Event: 1.825 Thread 0x00000185bf332c60 Exception <a 'java/lang/NoSuchMethodError'{0x0000000713065740}: 'long java.lang.invoke.DirectMethodHandle$Holder.invokeSpecial(java.lang.Object, java.lang.Object)'> (0x0000000713065740) 
thrown [s\open\src\hotspot\share\interpreter\linkResolver.cpp, line 759]
Event: 1.827 Thread 0x00000185a7433600 Exception <a 'java/lang/OutOfMemoryError'{0x000000071336c340}> (0x000000071336c340) 
thrown [s\open\src\hotspot\share\prims\jni.cpp, line 535]
Event: 1.827 Thread 0x00000185bf332c60 Exception <a 'java/lang/NoSuchMethodError'{0x0000000713070968}: 'long java.lang.invoke.DirectMethodHandle$Holder.invokeStatic(java.lang.Object, java.lang.Object)'> (0x0000000713070968) 
thrown [s\open\src\hotspot\share\interpreter\linkResolver.cpp, line 759]
Event: 1.827 Thread 0x00000185bf332c60 Exception <a 'java/lang/NoSuchMethodError'{0x0000000713073f68}: 'long java.lang.invoke.DirectMethodHandle$Holder.invokeStaticInit(java.lang.Object, java.lang.Object)'> (0x0000000713073f68) 
thrown [s\open\src\hotspot\share\interpreter\linkResolver.cpp, line 759]
Event: 1.831 Thread 0x00000185bf332c60 Exception <a 'java/lang/NoSuchMethodError'{0x0000000713081b10}: 'long java.lang.invoke.DirectMethodHandle$Holder.invokeInterface(java.lang.Object, java.lang.Object)'> (0x0000000713081b10) 
thrown [s\open\src\hotspot\share\interpreter\linkResolver.cpp, line 759]
Event: 1.831 Thread 0x00000185bf332c60 Exception <a 'java/lang/IncompatibleClassChangeError'{0x00000007130850a0}: Found class java.lang.Object, but interface was expected> (0x00000007130850a0) 
thrown [s\open\src\hotspot\share\interpreter\linkResolver.cpp, line 826]

VM Operations (20 events):
Event: 1.001 Executing VM operation: G1CollectForAllocation
Event: 1.008 Executing VM operation: G1CollectForAllocation done
Event: 1.232 Executing VM operation: HandshakeAllThreads
Event: 1.232 Executing VM operation: HandshakeAllThreads done
Event: 1.372 Executing VM operation: HandshakeAllThreads
Event: 1.372 Executing VM operation: HandshakeAllThreads done
Event: 1.409 Executing VM operation: HandshakeAllThreads
Event: 1.410 Executing VM operation: HandshakeAllThreads done
Event: 1.415 Executing VM operation: HandshakeAllThreads
Event: 1.415 Executing VM operation: HandshakeAllThreads done
Event: 1.425 Executing VM operation: ICBufferFull
Event: 1.425 Executing VM operation: ICBufferFull done
Event: 1.498 Executing VM operation: G1CollectForAllocation
Event: 1.502 Executing VM operation: G1CollectForAllocation done
Event: 1.679 Executing VM operation: HandshakeAllThreads
Event: 1.679 Executing VM operation: HandshakeAllThreads done
Event: 1.723 Executing VM operation: HandshakeAllThreads
Event: 1.723 Executing VM operation: HandshakeAllThreads done
Event: 1.737 Executing VM operation: HandshakeAllThreads
Event: 1.737 Executing VM operation: HandshakeAllThreads done

Events (20 events):
Event: 1.754 loading class java/nio/file/FileTreeWalker$DirectoryNode
Event: 1.754 loading class java/nio/file/FileTreeWalker$DirectoryNode done
Event: 1.754 loading class java/nio/file/FileTreeWalker$Event
Event: 1.754 loading class java/nio/file/FileTreeWalker$Event done
Event: 1.754 loading class java/nio/file/FileTreeWalker$EventType
Event: 1.754 loading class java/nio/file/FileTreeWalker$EventType done
Event: 1.756 loading class java/util/stream/SortedOps$RefSortingSink
Event: 1.756 loading class java/util/stream/SortedOps$RefSortingSink done
Event: 1.757 loading class java/util/regex/Pattern$LazyLoop
Event: 1.757 loading class java/util/regex/Pattern$Loop
Event: 1.758 loading class java/util/regex/Pattern$Loop done
Event: 1.758 loading class java/util/regex/Pattern$LazyLoop done
Event: 1.758 loading class java/util/regex/Pattern$Prolog
Event: 1.758 loading class java/util/regex/Pattern$Prolog done
Event: 1.767 loading class java/lang/AssertionError
Event: 1.767 loading class java/lang/AssertionError done
Event: 1.810 loading class java/util/regex/Pattern$BnM
Event: 1.811 loading class java/util/regex/Pattern$BnM done
Event: 1.811 loading class java/util/regex/Pattern$Pos
Event: 1.811 loading class java/util/regex/Pattern$Pos done


Dynamic libraries:
0x00007ff71bde0000 - 0x00007ff71bdf0000 	C:\Program Files\Java\jdk-17.0.5\bin\java.exe
0x00007ffcb3190000 - 0x00007ffcb3388000 	C:\Windows\SYSTEM32\ntdll.dll
0x00007ffc7fbf0000 - 0x00007ffc7fc09000 	C:\Program Files\Avast Software\Avast\aswhook.dll
0x00007ffcb17b0000 - 0x00007ffcb186f000 	C:\Windows\System32\KERNEL32.DLL
0x00007ffcb0b60000 - 0x00007ffcb0e32000 	C:\Windows\System32\KERNELBASE.dll
0x00007ffcb1040000 - 0x00007ffcb1140000 	C:\Windows\System32\ucrtbase.dll
0x00007ffcac280000 - 0x00007ffcac29a000 	C:\Program Files\Java\jdk-17.0.5\bin\VCRUNTIME140.dll
0x00007ffcac2a0000 - 0x00007ffcac2b8000 	C:\Program Files\Java\jdk-17.0.5\bin\jli.dll
0x00007ffcb2e30000 - 0x00007ffcb2ede000 	C:\Windows\System32\ADVAPI32.dll
0x00007ffcb2be0000 - 0x00007ffcb2c7e000 	C:\Windows\System32\msvcrt.dll
0x00007ffcb2090000 - 0x00007ffcb212c000 	C:\Windows\System32\sechost.dll
0x00007ffcb3000000 - 0x00007ffcb3124000 	C:\Windows\System32\RPCRT4.dll
0x00007ffcb2a30000 - 0x00007ffcb2bd1000 	C:\Windows\System32\USER32.dll
0x00007ffc971f0000 - 0x00007ffc9748a000 	C:\Windows\WinSxS\amd64_microsoft.windows.common-controls_6595b64144ccf1df_6.0.19041.1110_none_60b5254171f9507e\COMCTL32.dll
0x00007ffcb0890000 - 0x00007ffcb08b2000 	C:\Windows\System32\win32u.dll
0x00007ffcb1780000 - 0x00007ffcb17ab000 	C:\Windows\System32\GDI32.dll
0x00007ffcb09c0000 - 0x00007ffcb0acf000 	C:\Windows\System32\gdi32full.dll
0x00007ffcaa200000 - 0x00007ffcaa20a000 	C:\Windows\SYSTEM32\VERSION.dll
0x00007ffcb0fa0000 - 0x00007ffcb103d000 	C:\Windows\System32\msvcp_win.dll
0x00007ffcb2240000 - 0x00007ffcb2270000 	C:\Windows\System32\IMM32.DLL
0x00007ffcac270000 - 0x00007ffcac27c000 	C:\Program Files\Java\jdk-17.0.5\bin\vcruntime140_1.dll
0x00007ffc9afa0000 - 0x00007ffc9b02d000 	C:\Program Files\Java\jdk-17.0.5\bin\msvcp140.dll
0x00007ffc081b0000 - 0x00007ffc08d72000 	C:\Program Files\Java\jdk-17.0.5\bin\server\jvm.dll
0x00007ffcb2510000 - 0x00007ffcb2518000 	C:\Windows\System32\PSAPI.DLL
0x00007ffca7f00000 - 0x00007ffca7f27000 	C:\Windows\SYSTEM32\WINMM.dll
0x00007ffc9fac0000 - 0x00007ffc9fac9000 	C:\Windows\SYSTEM32\WSOCK32.dll
0x00007ffcb1870000 - 0x00007ffcb18db000 	C:\Windows\System32\WS2_32.dll
0x00007ffcae710000 - 0x00007ffcae722000 	C:\Windows\SYSTEM32\kernel.appcore.dll
0x00007ffcabaa0000 - 0x00007ffcabaaa000 	C:\Program Files\Java\jdk-17.0.5\bin\jimage.dll
0x00007ffca3bb0000 - 0x00007ffca3d94000 	C:\Windows\SYSTEM32\DBGHELP.DLL
0x00007ffca3b70000 - 0x00007ffca3ba5000 	C:\Windows\SYSTEM32\dbgcore.DLL
0x00007ffcb0ad0000 - 0x00007ffcb0b52000 	C:\Windows\System32\bcryptPrimitives.dll
0x00007ffcaddb0000 - 0x00007ffcaddbe000 	C:\Program Files\Java\jdk-17.0.5\bin\instrument.dll
0x00007ffcaba70000 - 0x00007ffcaba95000 	C:\Program Files\Java\jdk-17.0.5\bin\java.dll
0x00007ffc9a5f0000 - 0x00007ffc9a6c6000 	C:\Program Files\Java\jdk-17.0.5\bin\jsvml.dll
0x00007ffcb1940000 - 0x00007ffcb2085000 	C:\Windows\System32\SHELL32.dll
0x00007ffcae910000 - 0x00007ffcaf0a2000 	C:\Windows\SYSTEM32\windows.storage.dll
0x00007ffcb1370000 - 0x00007ffcb16c5000 	C:\Windows\System32\combase.dll
0x00007ffcb0130000 - 0x00007ffcb0160000 	C:\Windows\SYSTEM32\Wldp.dll
0x00007ffcb2130000 - 0x00007ffcb21dd000 	C:\Windows\System32\SHCORE.dll
0x00007ffcb18e0000 - 0x00007ffcb1935000 	C:\Windows\System32\shlwapi.dll
0x00007ffcb07d0000 - 0x00007ffcb07ef000 	C:\Windows\SYSTEM32\profapi.dll
0x00007ffc9bfb0000 - 0x00007ffc9bfc8000 	C:\Program Files\Java\jdk-17.0.5\bin\zip.dll
0x00007ffcaba50000 - 0x00007ffcaba69000 	C:\Program Files\Java\jdk-17.0.5\bin\net.dll
0x00007ffca7860000 - 0x00007ffca796a000 	C:\Windows\SYSTEM32\WINHTTP.dll
0x00007ffcaff10000 - 0x00007ffcaff7a000 	C:\Windows\system32\mswsock.dll
0x00007ffca93a0000 - 0x00007ffca93b6000 	C:\Program Files\Java\jdk-17.0.5\bin\nio.dll
0x00007ffcab240000 - 0x00007ffcab25a000 	C:\Program Files\JetBrains\IntelliJ IDEA 2022.3.1\bin\breakgen64.dll
0x00007ffcafc60000 - 0x00007ffcafd2b000 	C:\Windows\SYSTEM32\DNSAPI.dll
0x00007ffcafc20000 - 0x00007ffcafc5b000 	C:\Windows\SYSTEM32\IPHLPAPI.DLL
0x00007ffcb2a20000 - 0x00007ffcb2a28000 	C:\Windows\System32\NSI.dll
0x00007ffca5230000 - 0x00007ffca523a000 	C:\Windows\System32\rasadhlp.dll
0x00007ffca52c0000 - 0x00007ffca5340000 	C:\Windows\System32\fwpuclnt.dll
0x00007ffcb11b0000 - 0x00007ffcb11d7000 	C:\Windows\System32\bcrypt.dll
0x00007ffcadda0000 - 0x00007ffcadda9000 	C:\Program Files\Java\jdk-17.0.5\bin\management.dll
0x00007ffcaa8b0000 - 0x00007ffcaa8bb000 	C:\Program Files\Java\jdk-17.0.5\bin\management_ext.dll
0x00007ffcb0170000 - 0x00007ffcb0188000 	C:\Windows\SYSTEM32\CRYPTSP.dll
0x00007ffcaf850000 - 0x00007ffcaf884000 	C:\Windows\system32\rsaenh.dll
0x00007ffcb0790000 - 0x00007ffcb07be000 	C:\Windows\SYSTEM32\USERENV.dll
0x00007ffcb00a0000 - 0x00007ffcb00ac000 	C:\Windows\SYSTEM32\CRYPTBASE.dll
0x00007ffcaa370000 - 0x00007ffcaa387000 	C:\Windows\SYSTEM32\dhcpcsvc6.DLL
0x00007ffcaa270000 - 0x00007ffcaa28d000 	C:\Windows\SYSTEM32\dhcpcsvc.DLL
0x00007ffc96a10000 - 0x00007ffc96a27000 	C:\Windows\system32\napinsp.dll
0x00007ffc969f0000 - 0x00007ffc96a0b000 	C:\Windows\system32\pnrpnsp.dll
0x00007ffc969d0000 - 0x00007ffc969e5000 	C:\Windows\system32\wshbth.dll
0x00007ffcac250000 - 0x00007ffcac26d000 	C:\Windows\system32\NLAapi.dll
0x00007ffc969b0000 - 0x00007ffc969c2000 	C:\Windows\System32\winrnr.dll
0x00007ffca2e90000 - 0x00007ffca2ea0000 	C:\Program Files\Java\jdk-17.0.5\bin\verify.dll

dbghelp: loaded successfully - version: 4.0.5 - missing functions: none
symbol engine: initialized successfully - sym options: 0x614 - pdb path: .;C:\Program Files\Java\jdk-17.0.5\bin;C:\Windows\SYSTEM32;C:\Program Files\Avast Software\Avast;C:\Windows\WinSxS\amd64_microsoft.windows.common-controls_6595b64144ccf1df_6.0.19041.1110_none_60b5254171f9507e;C:\Program Files\Java\jdk-17.0.5\bin\server;C:\Program Files\JetBrains\IntelliJ IDEA 2022.3.1\bin

VM Arguments:
jvm_args: -XX:TieredStopAtLevel=1 -Dspring.output.ansi.enabled=always -Dcom.sun.management.jmxremote -Dspring.jmx.enabled=true -Dspring.liveBeansView.mbeanDomain -Dspring.application.admin.enabled=true -Dmanagement.endpoints.jmx.exposure.include=* -javaagent:C:\Program Files\JetBrains\IntelliJ IDEA 2022.3.1\lib\idea_rt.jar=49368:C:\Program Files\JetBrains\IntelliJ IDEA 2022.3.1\bin -Dfile.encoding=UTF-8 
java_command: me.ez7mz.atl5jee.Atl5JeeApplication
java_class_path (initial): C:\Users\RPC\Desktop\JEE-JS\JEE\ATL5JEE\target\classes;C:\Users\RPC\.m2\repository\org\springframework\boot\spring-boot-starter-data-jpa\3.0.5\spring-boot-starter-data-jpa-3.0.5.jar;C:\Users\RPC\.m2\repository\org\springframework\boot\spring-boot-starter-aop\3.0.5\spring-boot-starter-aop-3.0.5.jar;C:\Users\RPC\.m2\repository\org\springframework\spring-aop\6.0.7\spring-aop-6.0.7.jar;C:\Users\RPC\.m2\repository\org\aspectj\aspectjweaver\1.9.19\aspectjweaver-1.9.19.jar;C:\Users\RPC\.m2\repository\org\springframework\boot\spring-boot-starter-jdbc\3.0.5\spring-boot-starter-jdbc-3.0.5.jar;C:\Users\RPC\.m2\repository\com\zaxxer\HikariCP\5.0.1\HikariCP-5.0.1.jar;C:\Users\RPC\.m2\repository\org\springframework\spring-jdbc\6.0.7\spring-jdbc-6.0.7.jar;C:\Users\RPC\.m2\repository\org\hibernate\orm\hibernate-core\6.1.7.Final\hibernate-core-6.1.7.Final.jar;C:\Users\RPC\.m2\repository\jakarta\persistence\jakarta.persistence-api\3.1.0\jakarta.persistence-api-3.1.0.jar;C:\Users\RPC\.m2\repository\jakarta\transaction\jakarta.transaction-api\2.0.1\jakarta.transaction-api-2.0.1.jar;C:\Users\RPC\.m2\repository\org\jboss\logging\jboss-logging\3.5.0.Final\jboss-logging-3.5.0.Final.jar;C:\Users\RPC\.m2\repository\org\hibernate\common\hibernate-commons-annotations\6.0.6.Final\hibernate-commons-annotations-6.0.6.Final.jar;C:\Users\RPC\.m2\repository\org\jboss\jandex\2.4.2.Final\jandex-2.4.2.Final.jar;C:\Users\RPC\.m2\repository\com\fasterxml\classmate\1.5.1\classmate-1.5.1.jar;C:\Users\RPC\.m2\repository\net\bytebuddy\byte-buddy\1.12.23\byte-buddy-1.12.23.jar;C:\Users\RPC\.m2\repository\org\glassfish\jaxb\jaxb-runtime\4.0.2\jaxb-runtime-4.0.2.jar;C:\Users\RPC\.m2\repository\org\glassfish\jaxb\jaxb-core\4.0.2\jaxb-core-4.0.2.jar;C:\Users\RPC\.m2\repository\org\eclipse\angus\angus-activation\2.0.0\angus-activation-2.0.0.jar;C:\Users\RPC\.m2\repository\org\glassfish\jaxb\txw2\4.0.2\txw2-4.0.2.jar;C:\Users\RPC\.m2\repository\com\sun\istack\istack-commons-runtime\4.1.
Launcher Type: SUN_STANDARD

[Global flags]
     intx CICompilerCount                          = 4                                         {product} {ergonomic}
     uint ConcGCThreads                            = 2                                         {product} {ergonomic}
     uint G1ConcRefinementThreads                  = 8                                         {product} {ergonomic}
   size_t G1HeapRegionSize                         = 2097152                                   {product} {ergonomic}
    uintx GCDrainStackTargetSize                   = 64                                        {product} {ergonomic}
   size_t InitialHeapSize                          = 264241152                                 {product} {ergonomic}
     bool ManagementServer                         = true                                      {product} {command line}
   size_t MarkStackSize                            = 4194304                                   {product} {ergonomic}
   size_t MaxHeapSize                              = 4213178368                                {product} {ergonomic}
   size_t MaxNewSize                               = 2527068160                                {product} {ergonomic}
   size_t MinHeapDeltaBytes                        = 2097152                                   {product} {ergonomic}
   size_t MinHeapSize                              = 8388608                                   {product} {ergonomic}
    uintx NonProfiledCodeHeapSize                  = 0                                      {pd product} {ergonomic}
     bool ProfileInterpreter                       = false                                  {pd product} {command line}
    uintx ProfiledCodeHeapSize                     = 0                                      {pd product} {ergonomic}
   size_t SoftMaxHeapSize                          = 4213178368                             {manageable} {ergonomic}
     intx TieredStopAtLevel                        = 1                                         {product} {command line}
     bool UseCompressedClassPointers               = true                           {product lp64_product} {ergonomic}
     bool UseCompressedOops                        = true                           {product lp64_product} {ergonomic}
     bool UseG1GC                                  = true                                      {product} {ergonomic}
     bool UseLargePagesIndividualAllocation        = false                                  {pd product} {ergonomic}

Logging:
Log output configuration:
 #0: stdout all=warning uptime,level,tags
 #1: stderr all=off uptime,level,tags

Environment Variables:
PATH=C:\Python311\Scripts\;C:\Python311\;C:\Program Files (x86)\Common Files\Oracle\Java\javapath;C:\Program Files\Common Files\Oracle\Java\javapath;C:\Windows\system32;C:\Windows;C:\Windows\System32\Wbem;C:\Windows\System32\WindowsPowerShell\v1.0\;C:\Windows\System32\OpenSSH\;C:\Program Files\Git\cmd;C:\Program Files\dotnet\;C:\Program Files\MySQL\MySQL Server 8.0\bin;C:\Program Files\nodejs\;C:\ProgramData\chocolatey\bin;C:\Program Files\MySQL\MySQL Shell 8.0\bin\;C:\Users\RPC\AppData\Local\Microsoft\WindowsApps;C:\Users\RPC\AppData\Local\Programs\Microsoft VS Code\bin;C:\Program Files\JetBrains\IntelliJ IDEA 2022.3.1\bin;C:\Users\RPC\AppData\Roaming\npm
USERNAME=RPC
OS=Windows_NT
PROCESSOR_IDENTIFIER=AMD64 Family 23 Model 24 Stepping 1, AuthenticAMD



---------------  S Y S T E M  ---------------

OS:
 Windows 10 , 64 bit Build 19041 (10.0.19041.2546)
OS uptime: 0 days 6:06 hours
Hyper-V role detected

CPU: total 8 (initial active 8) (8 cores per cpu, 2 threads per core) family 23 model 24 stepping 1 microcode 0x0, cx8, cmov, fxsr, ht, mmx, 3dnowpref, sse, sse2, sse3, ssse3, sse4a, sse4.1, sse4.2, popcnt, lzcnt, tsc, tscinvbit, avx, avx2, aes, clmul, bmi1, bmi2, adx, sha, fma, vzeroupper, clflush, clflushopt, hv

Memory: 4k page, system-wide physical 16066M (5657M free)
TotalPageFile size 20162M (AvailPageFile size 0M)
current process WorkingSet (physical memory assigned to process): 99M, peak: 99M
current process commit charge ("private bytes"): 368M, peak: 368M

vm_info: Java HotSpot(TM) 64-Bit Server VM (17.0.5+9-LTS-191) for windows-amd64 JRE (17.0.5+9-LTS-191), built on Sep 13 2022 17:31:43 by "mach5one" with MS VC++ 16.8 / 16.9 (VS2019)

END.
